<?xml version="1.0" encoding="UTF-8"?>
<!-- Generated by org.testng.reporters.JUnitReportReporter -->
<testsuite hostname="Mos-MacBook-Pro.local" failures="0" tests="4" name="com.nopCommerce.user.MyAccount$Payment" time="24.566" errors="0" timestamp="22 Sep 2022 08:29:39 GMT" skipped="0">
  <testcase classname="com.nopCommerce.user.MyAccount$Payment" name="TC_02_Add_Address" time="3.591"/>
  <testcase classname="com.nopCommerce.user.MyAccount$Payment" name="TC_03_Change_Password" time="7.592"/>
  <testcase classname="com.nopCommerce.user.MyAccount$Payment" name="TC_04_My_Product_Review" time="10.459"/>
  <testcase classname="com.nopCommerce.user.MyAccount$Payment" name="TC_01_Update_Customer_Infor" time="2.924"/>
</testsuite> <!-- com.nopCommerce.user.MyAccount$Payment -->
