<?xml version="1.0" encoding="UTF-8"?>
<!-- Generated by org.testng.reporters.JUnitReportReporter -->
<testsuite hostname="Mos-MacBook-Pro.local" failures="0" tests="2" name="com.nopCommerce.user.Sort" time="130.666" errors="0" timestamp="23 Sep 2022 08:00:41 GMT" skipped="0">
  <testcase classname="com.nopCommerce.user.Sort" name="TC_06_Displayed_6_Products" time="65.443"/>
  <testcase classname="com.nopCommerce.user.Sort" name="TC_07_Displayed_9_Products" time="65.223"/>
</testsuite> <!-- com.nopCommerce.user.Sort -->
