<?xml version="1.0" encoding="UTF-8"?>
<!-- Generated by org.testng.reporters.JUnitReportReporter -->
<testsuite hostname="Mos-MacBook-Pro.local" failures="0" tests="3" name="com.bankGuru.payment.Payment" time="112.153" errors="0" timestamp="20 Sep 2022 03:15:19 GMT" skipped="0">
  <testcase classname="com.bankGuru.payment.Payment" name="TC_01_Create_New_Customer" time="26.287"/>
  <testcase classname="com.bankGuru.payment.Payment" name="TC_03_Create_New_Account" time="55.189"/>
  <testcase classname="com.bankGuru.payment.Payment" name="TC_02_Edit_Customer" time="30.677"/>
</testsuite> <!-- com.bankGuru.payment.Payment -->
