<?xml version="1.0" encoding="UTF-8"?>
<!-- Generated by org.testng.reporters.JUnitReportReporter -->
<testsuite hostname="Mos-MacBook-Pro.local" failures="0" tests="1" name="commons.RegisterNopCommercePage" time="8.082" errors="0" timestamp="26 Sep 2022 09:15:58 GMT" skipped="0">
  <testcase classname="commons.RegisterNopCommercePage" name="TC_01_Register_Success" time="8.082"/>
</testsuite> <!-- commons.RegisterNopCommercePage -->
