<?xml version="1.0" encoding="UTF-8"?>
<!-- Generated by org.testng.reporters.JUnitReportReporter -->
<testsuite hostname="Mos-MacBook-Pro.local" failures="0" tests="6" name="com.nopCommerce.user.Login$Payment" time="5.989" errors="0" timestamp="20 Sep 2022 11:48:15 GMT" skipped="0">
  <testcase classname="com.nopCommerce.user.Login$Payment" name="TC_05_Login_Incorrect_Password" time="0.986"/>
  <testcase classname="com.nopCommerce.user.Login$Payment" name="TC_03_Login_Not_Exists_Email" time="0.846"/>
  <testcase classname="com.nopCommerce.user.Login$Payment" name="TC_04_Login_Without_Password" time="0.880"/>
  <testcase classname="com.nopCommerce.user.Login$Payment" name="TC_01_Login_Empty_Data" time="1.351"/>
  <testcase classname="com.nopCommerce.user.Login$Payment" name="TC_02_Login_Invalid_Email" time="0.698"/>
  <testcase classname="com.nopCommerce.user.Login$Payment" name="TC_06_Login_Success" time="1.228"/>
</testsuite> <!-- com.nopCommerce.user.Login$Payment -->
