<?xml version="1.0" encoding="UTF-8"?>
<!-- Generated by org.testng.reporters.JUnitReportReporter -->
<testsuite hostname="Mos-MacBook-Pro.local" failures="0" tests="6" name="com.nopCommerce.user.Register$Payment" time="30.036" errors="0" timestamp="20 Sep 2022 08:57:19 GMT" skipped="0">
  <testcase classname="com.nopCommerce.user.Register$Payment" name="TC_04_Exists_Email" time="1.985"/>
  <testcase classname="com.nopCommerce.user.Register$Payment" name="TC_01_Register_Empty_Data" time="1.625"/>
  <testcase classname="com.nopCommerce.user.Register$Payment" name="TC_02_Register_Invalid_Email" time="2.269"/>
  <testcase classname="com.nopCommerce.user.Register$Payment" name="TC_03_Register_Success" time="9.090"/>
  <testcase classname="com.nopCommerce.user.Register$Payment" name="TC_06_ConfirmPassword_Not_Match_Passwords" time="7.931"/>
  <testcase classname="com.nopCommerce.user.Register$Payment" name="TC_05_Password_Less_Than_6" time="7.136"/>
</testsuite> <!-- com.nopCommerce.user.Register$Payment -->
