<?xml version="1.0" encoding="UTF-8"?>
<!-- Generated by org.testng.reporters.JUnitReportReporter -->
<testsuite hostname="Mos-MacBook-Pro.local" failures="0" tests="1" name="commons.RegisterNopCommercePage" time="8.012" errors="0" timestamp="22 Sep 2022 11:48:32 GMT" skipped="0">
  <testcase classname="commons.RegisterNopCommercePage" name="TC_01_Register_Success" time="8.012"/>
</testsuite> <!-- commons.RegisterNopCommercePage -->
