<?xml version="1.0" encoding="UTF-8"?>
<!-- Generated by org.testng.reporters.JUnitReportReporter -->
<testsuite hostname="Mos-MacBook-Pro.local" failures="0" tests="8" name="com.nopCommerce.user.Search" time="41.476" errors="0" timestamp="22 Sep 2022 11:48:32 GMT" skipped="0">
  <testcase classname="com.nopCommerce.user.Search" name="TC_03_Search_Relative_Data" time="5.085"/>
  <testcase classname="com.nopCommerce.user.Search" name="TC_07_Advanced_Search_Incorrect_Manuafacturer" time="5.395"/>
  <testcase classname="com.nopCommerce.user.Search" name="TC_08_Advanced_Search_Correct_Manuafacturer" time="5.346"/>
  <testcase classname="com.nopCommerce.user.Search" name="TC_06_Advanced_Search_With_Sub" time="5.355"/>
  <testcase classname="com.nopCommerce.user.Search" name="TC_01_Search_Empty_Data" time="5.016"/>
  <testcase classname="com.nopCommerce.user.Search" name="TC_02_Search_Data_Not_Exists" time="4.931"/>
  <testcase classname="com.nopCommerce.user.Search" name="TC_04_Search_Absolute_Data" time="5.046"/>
  <testcase classname="com.nopCommerce.user.Search" name="TC_05_Advanced_Search_With_Parent" time="5.302"/>
</testsuite> <!-- com.nopCommerce.user.Search -->
