<?xml version="1.0" encoding="UTF-8"?>
<!-- Generated by org.testng.reporters.JUnitReportReporter -->
<testsuite hostname="Mos-MacBook-Pro.local" failures="0" tests="1" name="com.nopCommerce.user.WhishlistComPareRecentView" time="9.217" errors="0" timestamp="26 Sep 2022 09:15:58 GMT" skipped="0">
  <testcase classname="com.nopCommerce.user.WhishlistComPareRecentView" name="TC_04_Add_Product_Compare" time="9.217"/>
</testsuite> <!-- com.nopCommerce.user.WhishlistComPareRecentView -->
