<?xml version="1.0" encoding="UTF-8"?>
<!-- Generated by org.testng.reporters.JUnitReportReporter -->
<testsuite hostname="Mos-MacBook-Pro.local" failures="0" tests="3" name="com.nopcommerce.user.Level_18_Data_Driven" time="15.883" errors="0" timestamp="08 Sep 2022 08:10:43 GMT" skipped="0">
  <testcase classname="com.nopcommerce.user.Level_18_Data_Driven" name="User_02_Login" time="2.135"/>
  <testcase classname="com.nopcommerce.user.Level_18_Data_Driven" name="User_03_My_Account" time="10.635"/>
  <testcase classname="com.nopcommerce.user.Level_18_Data_Driven" name="User_01_Register" time="3.113"/>
</testsuite> <!-- com.nopcommerce.user.Level_18_Data_Driven -->
